<?xml version="1.0" encoding="UTF-8"?>
<testng-results ignored="0" total="3" passed="3" failed="0" skipped="0">
  <reporter-output>
  </reporter-output>
  <suite started-at="2025-03-31T09:25:34 IST" name="Suite" finished-at="2025-03-31T09:25:47 IST" duration-ms="12635">
    <groups>
    </groups>
    <test started-at="2025-03-31T09:25:34 IST" name="Test" finished-at="2025-03-31T09:25:42 IST" duration-ms="8136">
      <class name="practiceselenium4.ParallelvsSequentialTest">
        <test-method is-config="true" signature="setup(java.lang.String,java.lang.String)[pri:0, instance:practiceselenium4.ParallelvsSequentialTest@6aaceffd]" started-at="2025-03-31T09:25:34 IST" name="setup" finished-at="2025-03-31T09:25:38 IST" duration-ms="4243" status="PASS">
          <params>
            <param index="0">
              <value>
                <![CDATA[chrome]]>
              </value>
            </param>
            <param index="1">
              <value>
                <![CDATA[https://opensource-demo.orangehrmlive.com/web/index.php/auth/login]]>
              </value>
            </param>
          </params>
          <reporter-output>
          </reporter-output>
        </test-method> <!-- setup -->
        <test-method signature="Login()[pri:0, instance:practiceselenium4.ParallelvsSequentialTest@6aaceffd]" started-at="2025-03-31T09:25:38 IST" name="Login" finished-at="2025-03-31T09:25:42 IST" duration-ms="3764" status="PASS">
          <reporter-output>
          </reporter-output>
        </test-method> <!-- Login -->
        <test-method is-config="true" signature="Logout()[pri:0, instance:practiceselenium4.ParallelvsSequentialTest@6aaceffd]" started-at="2025-03-31T09:25:42 IST" name="Logout" finished-at="2025-03-31T09:25:42 IST" duration-ms="88" status="PASS">
          <reporter-output>
          </reporter-output>
        </test-method> <!-- Logout -->
      </class> <!-- practiceselenium4.ParallelvsSequentialTest -->
    </test> <!-- Test -->
    <test started-at="2025-03-31T09:25:34 IST" name="Test1" finished-at="2025-03-31T09:25:45 IST" duration-ms="10682">
      <class name="practiceselenium4.ParallelvsSequentialTest">
        <test-method is-config="true" signature="setup(java.lang.String,java.lang.String)[pri:0, instance:practiceselenium4.ParallelvsSequentialTest@1018bde2]" started-at="2025-03-31T09:25:34 IST" name="setup" finished-at="2025-03-31T09:25:40 IST" duration-ms="5680" status="PASS">
          <params>
            <param index="0">
              <value>
                <![CDATA[edge]]>
              </value>
            </param>
            <param index="1">
              <value>
                <![CDATA[https://opensource-demo.orangehrmlive.com/web/index.php/auth/login]]>
              </value>
            </param>
          </params>
          <reporter-output>
          </reporter-output>
        </test-method> <!-- setup -->
        <test-method signature="Login()[pri:0, instance:practiceselenium4.ParallelvsSequentialTest@1018bde2]" started-at="2025-03-31T09:25:40 IST" name="Login" finished-at="2025-03-31T09:25:45 IST" duration-ms="4833" status="PASS">
          <reporter-output>
          </reporter-output>
        </test-method> <!-- Login -->
        <test-method is-config="true" signature="Logout()[pri:0, instance:practiceselenium4.ParallelvsSequentialTest@1018bde2]" started-at="2025-03-31T09:25:45 IST" name="Logout" finished-at="2025-03-31T09:25:45 IST" duration-ms="148" status="PASS">
          <reporter-output>
          </reporter-output>
        </test-method> <!-- Logout -->
      </class> <!-- practiceselenium4.ParallelvsSequentialTest -->
    </test> <!-- Test1 -->
    <test started-at="2025-03-31T09:25:34 IST" name="Test2" finished-at="2025-03-31T09:25:47 IST" duration-ms="12635">
      <class name="practiceselenium4.ParallelvsSequentialTest">
        <test-method is-config="true" signature="setup(java.lang.String,java.lang.String)[pri:0, instance:practiceselenium4.ParallelvsSequentialTest@f2ff811]" started-at="2025-03-31T09:25:34 IST" name="setup" finished-at="2025-03-31T09:25:41 IST" duration-ms="6836" status="PASS">
          <params>
            <param index="0">
              <value>
                <![CDATA[firefox]]>
              </value>
            </param>
            <param index="1">
              <value>
                <![CDATA[https://opensource-demo.orangehrmlive.com/web/index.php/auth/login]]>
              </value>
            </param>
          </params>
          <reporter-output>
          </reporter-output>
        </test-method> <!-- setup -->
        <test-method signature="Login()[pri:0, instance:practiceselenium4.ParallelvsSequentialTest@f2ff811]" started-at="2025-03-31T09:25:41 IST" name="Login" finished-at="2025-03-31T09:25:46 IST" duration-ms="4886" status="PASS">
          <reporter-output>
          </reporter-output>
        </test-method> <!-- Login -->
        <test-method is-config="true" signature="Logout()[pri:0, instance:practiceselenium4.ParallelvsSequentialTest@f2ff811]" started-at="2025-03-31T09:25:46 IST" name="Logout" finished-at="2025-03-31T09:25:47 IST" duration-ms="892" status="PASS">
          <reporter-output>
          </reporter-output>
        </test-method> <!-- Logout -->
      </class> <!-- practiceselenium4.ParallelvsSequentialTest -->
    </test> <!-- Test2 -->
  </suite> <!-- Suite -->
</testng-results>
